c:\users\m\documents\visual studio 2013\projects\sp projekat\sp projekat\debug\vc120.pdb
c:\users\m\documents\visual studio 2013\projects\sp projekat\sp projekat\debug\vc120.idb
c:\users\m\documents\visual studio 2013\projects\sp projekat\sp projekat\debug\basic test.obj
c:\users\m\documents\visual studio 2013\projects\sp projekat\sp projekat\debug\wordanalyzer.obj
c:\users\m\documents\visual studio 2013\projects\sp projekat\sp projekat\debug\symtab.obj
c:\users\m\documents\visual studio 2013\projects\sp projekat\sp projekat\debug\test.obj
c:\users\m\documents\visual studio 2013\projects\sp projekat\sp projekat\debug\sectiontab.obj
c:\users\m\documents\visual studio 2013\projects\sp projekat\sp projekat\debug\section.obj
c:\users\m\documents\visual studio 2013\projects\sp projekat\sp projekat\debug\table.obj
c:\users\m\documents\visual studio 2013\projects\sp projekat\sp projekat\debug\bytesection.obj
c:\users\m\documents\visual studio 2013\projects\sp projekat\sp projekat\debug\reltab.obj
c:\users\m\documents\visual studio 2013\projects\sp projekat\sp projekat\debug\freftab.obj
c:\users\m\documents\visual studio 2013\projects\sp projekat\debug\sp projekat.ilk
c:\users\m\documents\visual studio 2013\projects\sp projekat\debug\sp projekat.exe
c:\users\m\documents\visual studio 2013\projects\sp projekat\debug\sp projekat.pdb
c:\users\m\documents\visual studio 2013\projects\sp projekat\sp projekat\debug\sp projekat.tlog\cl.command.1.tlog
c:\users\m\documents\visual studio 2013\projects\sp projekat\sp projekat\debug\sp projekat.tlog\cl.read.1.tlog
c:\users\m\documents\visual studio 2013\projects\sp projekat\sp projekat\debug\sp projekat.tlog\cl.write.1.tlog
c:\users\m\documents\visual studio 2013\projects\sp projekat\sp projekat\debug\sp projekat.tlog\link.command.1.tlog
c:\users\m\documents\visual studio 2013\projects\sp projekat\sp projekat\debug\sp projekat.tlog\link.read.1.tlog
c:\users\m\documents\visual studio 2013\projects\sp projekat\sp projekat\debug\sp projekat.tlog\link.write.1.tlog
